0 info it worked if it ends with ok
1 verbose cli [ 'C:\\Program Files\\nodejs\\node.exe',
1 verbose cli   'C:\\Program Files\\nodejs\\node_modules\\npm\\bin\\npm-cli.js',
1 verbose cli   'run',
1 verbose cli   'dev' ]
2 info using npm@3.3.12
3 info using node@v5.5.0
4 verbose run-script [ 'predev', 'dev', 'postdev' ]
5 info lifecycle webpack-example@1.0.0~predev: webpack-example@1.0.0
6 silly lifecycle webpack-example@1.0.0~predev: no script for predev, continuing
7 info lifecycle webpack-example@1.0.0~dev: webpack-example@1.0.0
8 verbose lifecycle webpack-example@1.0.0~dev: unsafe-perm in lifecycle true
9 verbose lifecycle webpack-example@1.0.0~dev: PATH: C:\Program Files\nodejs\node_modules\npm\bin\node-gyp-bin;C:\Users\Hiro\Documents\work\reactjs\image-ar\node_modules\.bin;C:\ProgramData\Oracle\Java\javapath;C:\Windows\system32;C:\Windows;C:\Windows\System32\Wbem;C:\Windows\System32\WindowsPowerShell\v1.0\;C:\Program Files\Microsoft SQL Server\120\Tools\Binn\;C:\Program Files\Microsoft SQL Server\Client SDK\ODBC\110\Tools\Binn\;C:\Program Files (x86)\Microsoft SQL Server\120\Tools\Binn\;C:\Program Files\Microsoft SQL Server\120\DTS\Binn\;C:\Program Files (x86)\Microsoft SQL Server\120\Tools\Binn\ManagementStudio\;C:\Program Files (x86)\Microsoft SQL Server\120\DTS\Binn\;C:\Program Files\Git\cmd;C:\Program Files\Git\mingw64\bin;C:\Program Files\Git\usr\bin;C:\Program Files\nodejs\;C:\ProgramData\chocolatey\bin;C:\Users\Hiro\AppData\Local\Android\sdk\platform-tools;C:\Program Files (x86)\Skype\Phone\;C:\Program Files\Java\jdk1.8.0_73\bin;C:\Program Files (x86)\Apache Software Foundation\CouchDB\bin;C:\Users\Hiro\AppData\Roaming\npm;C:\Users\Hiro\AppData\Local\.meteor\;C:\Users\Hiro\AppData\Local\Android\ndk;C:\Users\Hiro\AppData\Roaming\npm\node_modules\casperjs\bin;C:\Users\Hiro\Documents\tools\phantomjs\bin;C:\Users\Hiro\Documents\tools\casperjs\bin
10 verbose lifecycle webpack-example@1.0.0~dev: CWD: C:\Users\Hiro\Documents\work\reactjs\image-ar
11 silly lifecycle webpack-example@1.0.0~dev: Args: [ '/d /s /c', 'webpack -d --watch' ]
12 silly lifecycle webpack-example@1.0.0~dev: Returned: code: 1  signal: null
13 info lifecycle webpack-example@1.0.0~dev: Failed to exec dev script
14 verbose stack Error: webpack-example@1.0.0 dev: `webpack -d --watch`
14 verbose stack Exit status 1
14 verbose stack     at EventEmitter.<anonymous> (C:\Program Files\nodejs\node_modules\npm\lib\utils\lifecycle.js:232:16)
14 verbose stack     at emitTwo (events.js:100:13)
14 verbose stack     at EventEmitter.emit (events.js:185:7)
14 verbose stack     at ChildProcess.<anonymous> (C:\Program Files\nodejs\node_modules\npm\lib\utils\spawn.js:24:14)
14 verbose stack     at emitTwo (events.js:100:13)
14 verbose stack     at ChildProcess.emit (events.js:185:7)
14 verbose stack     at maybeClose (internal/child_process.js:821:16)
14 verbose stack     at Process.ChildProcess._handle.onexit (internal/child_process.js:211:5)
15 verbose pkgid webpack-example@1.0.0
16 verbose cwd C:\Users\Hiro\Documents\work\reactjs\image-ar
17 error Windows_NT 10.0.10586
18 error argv "C:\\Program Files\\nodejs\\node.exe" "C:\\Program Files\\nodejs\\node_modules\\npm\\bin\\npm-cli.js" "run" "dev"
19 error node v5.5.0
20 error npm  v3.3.12
21 error code ELIFECYCLE
22 error webpack-example@1.0.0 dev: `webpack -d --watch`
22 error Exit status 1
23 error Failed at the webpack-example@1.0.0 dev script 'webpack -d --watch'.
23 error Make sure you have the latest version of node.js and npm installed.
23 error If you do, this is most likely a problem with the webpack-example package,
23 error not with npm itself.
23 error Tell the author that this fails on your system:
23 error     webpack -d --watch
23 error You can get their info via:
23 error     npm owner ls webpack-example
23 error There is likely additional logging output above.
24 verbose exit [ 1, true ]
